<?xml version="1.0" encoding="UTF-8"?>
<testng-results skipped="0" failed="1" ignored="0" total="6" passed="5">
  <reporter-output>
    <line>
      <![CDATA[Total no of links are:165]]>
    </line>
    <line>
      <![CDATA[Title is matching]]>
    </line>
    <line>
      <![CDATA[Total no of links are:174]]>
    </line>
    <line>
      <![CDATA[Title is matching]]>
    </line>
    <line>
      <![CDATA[Total no of links are:170]]>
    </line>
    <line>
      <![CDATA[Total no of links are:48]]>
    </line>
    <line>
      <![CDATA[Title is matching]]>
    </line>
    <line>
      <![CDATA[Total no of links are:48]]>
    </line>
    <line>
      <![CDATA[Title is matching]]>
    </line>
    <line>
      <![CDATA[Total no of links are:48]]>
    </line>
    <line>
      <![CDATA[Title is matching]]>
    </line>
  </reporter-output>
  <suite name="Suite" duration-ms="115862" started-at="2018-09-12T07:39:58Z" finished-at="2018-09-12T07:41:54Z">
    <groups>
    </groups>
    <test name="chromeTest" duration-ms="72795" started-at="2018-09-12T07:39:58Z" finished-at="2018-09-12T07:41:11Z">
      <class name="testscripts.Test2">
        <test-method status="PASS" signature="before(java.lang.String)[pri:0, instance:testscripts.Test2@1686d1f]" name="before" is-config="true" duration-ms="11402" started-at="2018-09-12T07:40:28Z" finished-at="2018-09-12T07:40:39Z">
          <params>
            <param index="0">
              <value>
                <![CDATA[chrome]]>
              </value>
            </param>
          </params>
          <reporter-output>
          </reporter-output>
        </test-method> <!-- before -->
        <test-method status="PASS" signature="test()[pri:0, instance:testscripts.Test2@1686d1f]" name="test" duration-ms="8603" started-at="2018-09-12T07:40:39Z" finished-at="2018-09-12T07:40:48Z">
          <reporter-output>
            <line>
              <![CDATA[Total no of links are:174]]>
            </line>
            <line>
              <![CDATA[Title is matching]]>
            </line>
          </reporter-output>
        </test-method> <!-- test -->
        <test-method status="PASS" signature="close()[pri:0, instance:testscripts.Test2@1686d1f]" name="close" is-config="true" duration-ms="171" started-at="2018-09-12T07:40:48Z" finished-at="2018-09-12T07:40:48Z">
          <reporter-output>
          </reporter-output>
        </test-method> <!-- close -->
      </class> <!-- testscripts.Test2 -->
      <class name="testscripts.Test3">
        <test-method status="PASS" signature="before(java.lang.String)[pri:0, instance:testscripts.Test3@1ee9989]" name="before" is-config="true" duration-ms="13921" started-at="2018-09-12T07:40:48Z" finished-at="2018-09-12T07:41:02Z">
          <params>
            <param index="0">
              <value>
                <![CDATA[chrome]]>
              </value>
            </param>
          </params>
          <reporter-output>
          </reporter-output>
        </test-method> <!-- before -->
        <test-method status="PASS" signature="test()[pri:0, instance:testscripts.Test3@1ee9989]" name="test" duration-ms="7687" started-at="2018-09-12T07:41:02Z" finished-at="2018-09-12T07:41:10Z">
          <reporter-output>
            <line>
              <![CDATA[Total no of links are:170]]>
            </line>
            <line>
              <![CDATA[Title is matching]]>
            </line>
          </reporter-output>
        </test-method> <!-- test -->
        <test-method status="PASS" signature="close()[pri:0, instance:testscripts.Test3@1ee9989]" name="close" is-config="true" duration-ms="997" started-at="2018-09-12T07:41:10Z" finished-at="2018-09-12T07:41:11Z">
          <reporter-output>
          </reporter-output>
        </test-method> <!-- close -->
      </class> <!-- testscripts.Test3 -->
      <class name="testscripts.Test1">
        <test-method status="PASS" signature="before(java.lang.String)[pri:0, instance:testscripts.Test1@f777e8]" name="before" is-config="true" duration-ms="12931" started-at="2018-09-12T07:39:58Z" finished-at="2018-09-12T07:40:11Z">
          <params>
            <param index="0">
              <value>
                <![CDATA[chrome]]>
              </value>
            </param>
          </params>
          <reporter-output>
          </reporter-output>
        </test-method> <!-- before -->
        <test-method status="PASS" signature="test()[pri:0, instance:testscripts.Test1@f777e8]" name="test" duration-ms="15577" started-at="2018-09-12T07:40:11Z" finished-at="2018-09-12T07:40:26Z">
          <reporter-output>
            <line>
              <![CDATA[Total no of links are:165]]>
            </line>
            <line>
              <![CDATA[Title is matching]]>
            </line>
          </reporter-output>
        </test-method> <!-- test -->
        <test-method status="PASS" signature="close()[pri:0, instance:testscripts.Test1@f777e8]" name="close" is-config="true" duration-ms="1457" started-at="2018-09-12T07:40:26Z" finished-at="2018-09-12T07:40:28Z">
          <reporter-output>
          </reporter-output>
        </test-method> <!-- close -->
      </class> <!-- testscripts.Test1 -->
    </test> <!-- chromeTest -->
    <test name="firefoxTest" duration-ms="115862" started-at="2018-09-12T07:39:58Z" finished-at="2018-09-12T07:41:54Z">
      <class name="testscripts.Test2">
        <test-method status="PASS" signature="before(java.lang.String)[pri:0, instance:testscripts.Test2@41eaa2]" name="before" is-config="true" duration-ms="10078" started-at="2018-09-12T07:41:20Z" finished-at="2018-09-12T07:41:30Z">
          <params>
            <param index="0">
              <value>
                <![CDATA[firefox]]>
              </value>
            </param>
          </params>
          <reporter-output>
          </reporter-output>
        </test-method> <!-- before -->
        <test-method status="PASS" signature="test()[pri:0, instance:testscripts.Test2@41eaa2]" name="test" duration-ms="7632" started-at="2018-09-12T07:41:30Z" finished-at="2018-09-12T07:41:37Z">
          <reporter-output>
            <line>
              <![CDATA[Total no of links are:48]]>
            </line>
            <line>
              <![CDATA[Title is matching]]>
            </line>
          </reporter-output>
        </test-method> <!-- test -->
        <test-method status="PASS" signature="close()[pri:0, instance:testscripts.Test2@41eaa2]" name="close" is-config="true" duration-ms="1508" started-at="2018-09-12T07:41:37Z" finished-at="2018-09-12T07:41:39Z">
          <reporter-output>
          </reporter-output>
        </test-method> <!-- close -->
      </class> <!-- testscripts.Test2 -->
      <class name="testscripts.Test3">
        <test-method status="PASS" signature="before(java.lang.String)[pri:0, instance:testscripts.Test3@d62f43]" name="before" is-config="true" duration-ms="8553" started-at="2018-09-12T07:41:39Z" finished-at="2018-09-12T07:41:47Z">
          <params>
            <param index="0">
              <value>
                <![CDATA[firefox]]>
              </value>
            </param>
          </params>
          <reporter-output>
          </reporter-output>
        </test-method> <!-- before -->
        <test-method status="PASS" signature="test()[pri:0, instance:testscripts.Test3@d62f43]" name="test" duration-ms="4674" started-at="2018-09-12T07:41:47Z" finished-at="2018-09-12T07:41:52Z">
          <reporter-output>
            <line>
              <![CDATA[Total no of links are:48]]>
            </line>
            <line>
              <![CDATA[Title is matching]]>
            </line>
          </reporter-output>
        </test-method> <!-- test -->
        <test-method status="PASS" signature="close()[pri:0, instance:testscripts.Test3@d62f43]" name="close" is-config="true" duration-ms="1487" started-at="2018-09-12T07:41:52Z" finished-at="2018-09-12T07:41:54Z">
          <reporter-output>
          </reporter-output>
        </test-method> <!-- close -->
      </class> <!-- testscripts.Test3 -->
      <class name="testscripts.Test1">
        <test-method status="PASS" signature="before(java.lang.String)[pri:0, instance:testscripts.Test1@5cb137]" name="before" is-config="true" duration-ms="67037" started-at="2018-09-12T07:39:58Z" finished-at="2018-09-12T07:41:05Z">
          <params>
            <param index="0">
              <value>
                <![CDATA[firefox]]>
              </value>
            </param>
          </params>
          <reporter-output>
          </reporter-output>
        </test-method> <!-- before -->
        <test-method status="FAIL" signature="test()[pri:0, instance:testscripts.Test1@5cb137]" name="test" duration-ms="12718" started-at="2018-09-12T07:41:05Z" finished-at="2018-09-12T07:41:18Z">
          <exception class="org.openqa.selenium.NoSuchElementException">
            <message>
              <![CDATA[Unable to locate element: //a[text()='Facebook - Log In or Sign Up']
For documentation on this error, please visit: http://seleniumhq.org/exceptions/no_such_element.html
Build info: version: '3.13.0', revision: '2f0d292', time: '2018-06-25T15:24:21.231Z'
System info: host: 'VINOD', ip: '169.254.247.173', os.name: 'Windows 8.1', os.arch: 'x86', os.version: '6.3', java.version: '1.8.0_172'
Driver info: org.openqa.selenium.firefox.FirefoxDriver
Capabilities {acceptInsecureCerts: true, browserName: firefox, browserVersion: 61.0.2, javascriptEnabled: true, moz:accessibilityChecks: false, moz:headless: false, moz:processID: 3900, moz:profile: C:\Users\Vinod J\AppData\Lo..., moz:useNonSpecCompliantPointerOrigin: false, moz:webdriverClick: true, pageLoadStrategy: normal, platform: XP, platformName: XP, platformVersion: 6.3, rotatable: false, timeouts: {implicit: 0, pageLoad: 300000, script: 30000}}
Session ID: bcbd8003-31c4-42f4-b438-49a9f7ea57d2
*** Element info: {Using=xpath, value=//a[text()='Facebook - Log In or Sign Up']}]]>
            </message>
            <full-stacktrace>
              <![CDATA[org.openqa.selenium.NoSuchElementException: Unable to locate element: //a[text()='Facebook - Log In or Sign Up']
For documentation on this error, please visit: http://seleniumhq.org/exceptions/no_such_element.html
Build info: version: '3.13.0', revision: '2f0d292', time: '2018-06-25T15:24:21.231Z'
System info: host: 'VINOD', ip: '169.254.247.173', os.name: 'Windows 8.1', os.arch: 'x86', os.version: '6.3', java.version: '1.8.0_172'
Driver info: org.openqa.selenium.firefox.FirefoxDriver
Capabilities {acceptInsecureCerts: true, browserName: firefox, browserVersion: 61.0.2, javascriptEnabled: true, moz:accessibilityChecks: false, moz:headless: false, moz:processID: 3900, moz:profile: C:\Users\Vinod J\AppData\Lo..., moz:useNonSpecCompliantPointerOrigin: false, moz:webdriverClick: true, pageLoadStrategy: normal, platform: XP, platformName: XP, platformVersion: 6.3, rotatable: false, timeouts: {implicit: 0, pageLoad: 300000, script: 30000}}
Session ID: bcbd8003-31c4-42f4-b438-49a9f7ea57d2
*** Element info: {Using=xpath, value=//a[text()='Facebook - Log In or Sign Up']}
at sun.reflect.NativeConstructorAccessorImpl.newInstance0(Native Method)
at sun.reflect.NativeConstructorAccessorImpl.newInstance(NativeConstructorAccessorImpl.java:62)
at sun.reflect.DelegatingConstructorAccessorImpl.newInstance(DelegatingConstructorAccessorImpl.java:45)
at java.lang.reflect.Constructor.newInstance(Constructor.java:423)
at org.openqa.selenium.remote.http.W3CHttpResponseCodec.createException(W3CHttpResponseCodec.java:187)
at org.openqa.selenium.remote.http.W3CHttpResponseCodec.decode(W3CHttpResponseCodec.java:122)
at org.openqa.selenium.remote.http.W3CHttpResponseCodec.decode(W3CHttpResponseCodec.java:49)
at org.openqa.selenium.remote.HttpCommandExecutor.execute(HttpCommandExecutor.java:158)
at org.openqa.selenium.remote.service.DriverCommandExecutor.execute(DriverCommandExecutor.java:83)
at org.openqa.selenium.remote.RemoteWebDriver.execute(RemoteWebDriver.java:548)
at org.openqa.selenium.remote.RemoteWebDriver.findElement(RemoteWebDriver.java:322)
at org.openqa.selenium.remote.RemoteWebDriver.findElementByXPath(RemoteWebDriver.java:424)
at org.openqa.selenium.By$ByXPath.findElement(By.java:353)
at org.openqa.selenium.remote.RemoteWebDriver.findElement(RemoteWebDriver.java:314)
at org.openqa.selenium.support.pagefactory.DefaultElementLocator.findElement(DefaultElementLocator.java:69)
at org.openqa.selenium.support.pagefactory.internal.LocatingElementHandler.invoke(LocatingElementHandler.java:38)
at com.sun.proxy.$Proxy10.click(Unknown Source)
at testscripts.Test1.test(Test1.java:21)
at sun.reflect.NativeMethodAccessorImpl.invoke0(Native Method)
at sun.reflect.NativeMethodAccessorImpl.invoke(NativeMethodAccessorImpl.java:62)
at sun.reflect.DelegatingMethodAccessorImpl.invoke(DelegatingMethodAccessorImpl.java:43)
at java.lang.reflect.Method.invoke(Method.java:498)
at org.testng.internal.MethodInvocationHelper.invokeMethod(MethodInvocationHelper.java:124)
at org.testng.internal.Invoker.invokeMethod(Invoker.java:580)
at org.testng.internal.Invoker.invokeTestMethod(Invoker.java:716)
at org.testng.internal.Invoker.invokeTestMethods(Invoker.java:988)
at org.testng.internal.TestMethodWorker.invokeTestMethods(TestMethodWorker.java:125)
at org.testng.internal.TestMethodWorker.run(TestMethodWorker.java:109)
at org.testng.TestRunner.privateRun(TestRunner.java:648)
at org.testng.TestRunner.run(TestRunner.java:505)
at org.testng.SuiteRunner.runTest(SuiteRunner.java:455)
at org.testng.SuiteRunner.access$000(SuiteRunner.java:40)
at org.testng.SuiteRunner$SuiteWorker.run(SuiteRunner.java:489)
at org.testng.internal.thread.ThreadUtil$1.call(ThreadUtil.java:52)
at java.util.concurrent.FutureTask.run(FutureTask.java:266)
at java.util.concurrent.ThreadPoolExecutor.runWorker(ThreadPoolExecutor.java:1149)
at java.util.concurrent.ThreadPoolExecutor$Worker.run(ThreadPoolExecutor.java:624)
at java.lang.Thread.run(Thread.java:748)
]]>
            </full-stacktrace>
          </exception> <!-- org.openqa.selenium.NoSuchElementException -->
          <reporter-output>
            <line>
              <![CDATA[Total no of links are:48]]>
            </line>
          </reporter-output>
        </test-method> <!-- test -->
        <test-method status="PASS" signature="close()[pri:0, instance:testscripts.Test1@5cb137]" name="close" is-config="true" duration-ms="2103" started-at="2018-09-12T07:41:18Z" finished-at="2018-09-12T07:41:20Z">
          <reporter-output>
          </reporter-output>
        </test-method> <!-- close -->
      </class> <!-- testscripts.Test1 -->
    </test> <!-- firefoxTest -->
  </suite> <!-- Suite -->
</testng-results>
